<?xml version="1.0" encoding="UTF-8"?>
<!-- Generated by org.testng.reporters.JUnitReportReporter -->
<testsuite hostname="LAPTOP-UDR9LEGE" failures="0" tests="1" name="Test01_GET" time="3.310" errors="0" timestamp="2022-08-22T17:04:47 IST" skipped="0">
  <testcase classname="Test01_GET" name="test_01" time="3.310"/>
  <system-out/>
</testsuite> <!-- Test01_GET -->
